<?xml version="1.0" encoding="UTF-8"?>
<!-- Generated by org.testng.reporters.JUnitXMLReporter -->
<testsuite hostname="TJ-LP-133" ignored="0" name="Free CRM App Test Cases" tests="3" failures="0" timestamp="03 Dec 2018 07:18:59 GMT" time="75.157" errors="0">
  <testcase name="loginPageTitletest" time="0.012" classname="com.fcrm.qa.testcases.LoginPageTest"/>
  <testcase name="freecrmLogoTest" time="0.112" classname="com.fcrm.qa.testcases.LoginPageTest"/>
  <testcase name="loginTest" time="8.852" classname="com.fcrm.qa.testcases.LoginPageTest"/>
</testsuite> <!-- Free CRM App Test Cases -->
