<?xml version="1.0" encoding="UTF-8"?>
<!-- Generated by org.testng.reporters.JUnitXMLReporter -->
<testsuite ignored="0" hostname="LAPTOP-QVB1I81J" failures="0" tests="5" name="Free CRM App Test Cases" time="272.201" errors="0" timestamp="03 Nov 2018 15:43:38 GMT">
  <testcase classname="com.fcrm.qa.testcases.ContactsPageTest" name="verifyContactsLabelTest" time="0.063"/>
  <testcase classname="com.fcrm.qa.testcases.ContactsPageTest" name="verifyContactsTest" time="0.75"/>
  <testcase classname="com.fcrm.qa.testcases.ContactsPageTest" name="validateCreateNewContact" time="5.145"/>
  <testcase classname="com.fcrm.qa.testcases.ContactsPageTest" name="validateCreateNewContact" time="5.175"/>
  <testcase classname="com.fcrm.qa.testcases.ContactsPageTest" name="validateCreateNewContact" time="4.326"/>
</testsuite> <!-- Free CRM App Test Cases -->
