<?xml version="1.0" encoding="UTF-8"?>
<!-- Generated by org.testng.reporters.JUnitXMLReporter -->
<testsuite ignored="0" hostname="LAPTOP-QVB1I81J" failures="0" tests="3" name="Default test" time="128.765" errors="0" timestamp="09 Nov 2018 11:39:46 GMT">
  <testcase classname="com.fcrm.qa.testcases.LoginPageTest" name="loginPageTitletest" time="0.023"/>
  <testcase classname="com.fcrm.qa.testcases.LoginPageTest" name="freecrmLogoTest" time="0.156"/>
  <testcase classname="com.fcrm.qa.testcases.LoginPageTest" name="loginTest" time="6.548"/>
</testsuite> <!-- Default test -->
