<?xml version="1.0" encoding="UTF-8"?>
<!-- Generated by org.testng.reporters.JUnitXMLReporter -->
<testsuite hostname="TJ-LP-133" ignored="4" name="Default test" tests="1" failures="0" timestamp="04 Dec 2018 13:27:50 GMT" time="37.411" errors="0">
  <testcase name="verifyEditContactsCreated" time="11.059" classname="com.fcrm.qa.testcases.ContactsPageTest"/>
  <testcase name="verifyContactsLabelTest" time="0.0" classname="com.fcrm.qa.testcases.ContactsPageTest">
    <ignored/>
  </testcase> <!-- verifyContactsLabelTest -->
  <testcase name="verifyContactsTest" time="0.0" classname="com.fcrm.qa.testcases.ContactsPageTest">
    <ignored/>
  </testcase> <!-- verifyContactsTest -->
  <testcase name="verifyContactsCreated" time="0.0" classname="com.fcrm.qa.testcases.ContactsPageTest">
    <ignored/>
  </testcase> <!-- verifyContactsCreated -->
  <testcase name="validateCreateNewContact" time="0.0" classname="com.fcrm.qa.testcases.ContactsPageTest">
    <ignored/>
  </testcase> <!-- validateCreateNewContact -->
</testsuite> <!-- Default test -->
