<?xml version="1.0" encoding="UTF-8"?>
<testng-results ignored="0" total="3" passed="3" failed="0" skipped="0">
  <reporter-output>
  </reporter-output>
  <suite started-at="2018-11-09T11:37:37Z" name="Default suite" finished-at="2018-11-09T11:39:46Z" duration-ms="128765">
    <groups>
    </groups>
    <test started-at="2018-11-09T11:37:37Z" name="Default test" finished-at="2018-11-09T11:39:46Z" duration-ms="128765">
      <class name="com.fcrm.qa.testcases.LoginPageTest">
        <test-method is-config="true" signature="setUp()[pri:0, instance:com.fcrm.qa.testcases.LoginPageTest@2e1d27ba]" started-at="2018-11-09T11:37:37Z" name="setUp" finished-at="2018-11-09T11:38:18Z" duration-ms="40949" status="PASS">
          <reporter-output>
          </reporter-output>
        </test-method> <!-- setUp -->
        <test-method signature="loginPageTitletest()[pri:1, instance:com.fcrm.qa.testcases.LoginPageTest@2e1d27ba]" started-at="2018-11-09T11:38:18Z" name="loginPageTitletest" finished-at="2018-11-09T11:38:18Z" duration-ms="23" status="PASS">
          <reporter-output>
          </reporter-output>
        </test-method> <!-- loginPageTitletest -->
        <test-method is-config="true" signature="tearDown()[pri:0, instance:com.fcrm.qa.testcases.LoginPageTest@2e1d27ba]" started-at="2018-11-09T11:38:18Z" name="tearDown" finished-at="2018-11-09T11:38:18Z" duration-ms="165" status="PASS">
          <reporter-output>
          </reporter-output>
        </test-method> <!-- tearDown -->
        <test-method is-config="true" signature="setUp()[pri:0, instance:com.fcrm.qa.testcases.LoginPageTest@2e1d27ba]" started-at="2018-11-09T11:38:18Z" name="setUp" finished-at="2018-11-09T11:38:58Z" duration-ms="39408" status="PASS">
          <reporter-output>
          </reporter-output>
        </test-method> <!-- setUp -->
        <test-method signature="freecrmLogoTest()[pri:2, instance:com.fcrm.qa.testcases.LoginPageTest@2e1d27ba]" started-at="2018-11-09T11:38:58Z" name="freecrmLogoTest" finished-at="2018-11-09T11:38:58Z" duration-ms="156" status="PASS">
          <reporter-output>
          </reporter-output>
        </test-method> <!-- freecrmLogoTest -->
        <test-method is-config="true" signature="tearDown()[pri:0, instance:com.fcrm.qa.testcases.LoginPageTest@2e1d27ba]" started-at="2018-11-09T11:38:58Z" name="tearDown" finished-at="2018-11-09T11:38:58Z" duration-ms="71" status="PASS">
          <reporter-output>
          </reporter-output>
        </test-method> <!-- tearDown -->
        <test-method is-config="true" signature="setUp()[pri:0, instance:com.fcrm.qa.testcases.LoginPageTest@2e1d27ba]" started-at="2018-11-09T11:38:58Z" name="setUp" finished-at="2018-11-09T11:39:39Z" duration-ms="41160" status="PASS">
          <reporter-output>
          </reporter-output>
        </test-method> <!-- setUp -->
        <test-method signature="loginTest()[pri:3, instance:com.fcrm.qa.testcases.LoginPageTest@2e1d27ba]" started-at="2018-11-09T11:39:39Z" name="loginTest" finished-at="2018-11-09T11:39:46Z" duration-ms="6548" status="PASS">
          <reporter-output>
          </reporter-output>
        </test-method> <!-- loginTest -->
        <test-method is-config="true" signature="tearDown()[pri:0, instance:com.fcrm.qa.testcases.LoginPageTest@2e1d27ba]" started-at="2018-11-09T11:39:46Z" name="tearDown" finished-at="2018-11-09T11:39:46Z" duration-ms="237" status="PASS">
          <reporter-output>
          </reporter-output>
        </test-method> <!-- tearDown -->
      </class> <!-- com.fcrm.qa.testcases.LoginPageTest -->
    </test> <!-- Default test -->
  </suite> <!-- Default suite -->
</testng-results>
