<?xml version="1.0" encoding="UTF-8"?>
<testng-results skipped="0" failed="0" ignored="3" total="4" passed="1">
  <reporter-output>
  </reporter-output>
  <suite name="Default suite" duration-ms="30225" started-at="2018-12-03T11:31:58Z" finished-at="2018-12-03T11:32:28Z">
    <groups>
    </groups>
    <test name="Default test" duration-ms="30225" started-at="2018-12-03T11:31:58Z" finished-at="2018-12-03T11:32:28Z">
      <class name="com.fcrm.qa.testcases.ContactsPageTest">
        <test-method status="PASS" signature="Setup()[pri:0, instance:com.fcrm.qa.testcases.ContactsPageTest@754ba872]" name="Setup" is-config="true" duration-ms="25017" started-at="2018-12-03T11:31:58Z" finished-at="2018-12-03T11:32:23Z">
          <reporter-output>
          </reporter-output>
        </test-method> <!-- Setup -->
        <test-method status="PASS" signature="verifyContactsCreated()[pri:4, instance:com.fcrm.qa.testcases.ContactsPageTest@754ba872]" name="verifyContactsCreated" duration-ms="3902" started-at="2018-12-03T11:32:23Z" finished-at="2018-12-03T11:32:27Z">
          <reporter-output>
          </reporter-output>
        </test-method> <!-- verifyContactsCreated -->
        <test-method status="PASS" signature="tearDown()[pri:0, instance:com.fcrm.qa.testcases.ContactsPageTest@754ba872]" name="tearDown" is-config="true" duration-ms="1278" started-at="2018-12-03T11:32:27Z" finished-at="2018-12-03T11:32:28Z">
          <reporter-output>
          </reporter-output>
        </test-method> <!-- tearDown -->
      </class> <!-- com.fcrm.qa.testcases.ContactsPageTest -->
    </test> <!-- Default test -->
  </suite> <!-- Default suite -->
</testng-results>
